------------------------------------------------------------------------------------------------------------------------

[2024-05-08 13:46:28 #1 store] 
Database 'C:\Users\Kareem\.m2\db\App.Bank.odb' is opened by 11436@Kareem-Victus-Laptop

[2024-05-08 13:46:28 #2 store] 
Configuration path: ?

[2024-05-08 13:47:01 #3 store] 
Database 'C:\Users\Kareem\.m2\db\App.Bank.odb' is closed by 11436@Kareem-Victus-Laptop

------------------------------------------------------------------------------------------------------------------------

[2024-05-08 13:47:38 #1 store] 
Database 'C:\Users\Kareem\.m2\db\App.Bank.odb' is opened by 22548@Kareem-Victus-Laptop

[2024-05-08 13:47:38 #2 store] 
Configuration path: ?

[2024-05-08 13:47:50 #3 store] 
Database 'C:\Users\Kareem\.m2\db\App.Bank.odb' is closed by 22548@Kareem-Victus-Laptop

------------------------------------------------------------------------------------------------------------------------

[2024-05-08 13:53:19 #1 store] 
Database 'C:\Users\Kareem\.m2\db\App.Bank.odb' has been recovered (tr. 7-7)

[2024-05-08 13:53:19 #2 store] 
Database 'C:\Users\Kareem\.m2\db\App.Bank.odb' is opened by 24464@Kareem-Victus-Laptop

[2024-05-08 13:53:19 #3 store] 
Configuration path: ?

[2024-05-08 13:54:13 #4 store] 
Database 'C:\Users\Kareem\.m2\db\App.Bank.odb' is closed by 24464@Kareem-Victus-Laptop

------------------------------------------------------------------------------------------------------------------------

[2024-05-08 14:02:19 #1 store] 
Database 'C:\Users\Kareem\.m2\db\App.Bank.odb' is opened by 19528@Kareem-Victus-Laptop

[2024-05-08 14:02:19 #2 store] 
Configuration path: ?

[2024-05-08 14:04:13 #3 store] 
Database 'C:\Users\Kareem\.m2\db\App.Bank.odb' is closed by 19528@Kareem-Victus-Laptop

------------------------------------------------------------------------------------------------------------------------

[2024-05-08 14:05:24 #1 store] 
Database 'C:\Users\Kareem\.m2\db\App.Bank.odb' is opened by 2680@Kareem-Victus-Laptop

[2024-05-08 14:05:24 #2 store] 
Configuration path: ?

[2024-05-08 14:06:00 #3 store] 
Database 'C:\Users\Kareem\.m2\db\App.Bank.odb' is closed by 2680@Kareem-Victus-Laptop

